CRITICAL - 2022-08-11 23:42:51 --> Call to a member function validate() on null
in APPPATH\Controllers\AgriculteurController.php on line 18.
 1 SYSTEMPATH\CodeIgniter.php(896): App\Controllers\AgriculteurController->store()
 2 SYSTEMPATH\CodeIgniter.php(466): CodeIgniter\CodeIgniter->runController(Object(App\Controllers\AgriculteurController))
 3 SYSTEMPATH\CodeIgniter.php(349): CodeIgniter\CodeIgniter->handleRequest(null, Object(Config\Cache), false)
 4 FCPATH\index.php(55): CodeIgniter\CodeIgniter->run()
CRITICAL - 2022-08-11 23:46:24 --> Call to a member function listErrors() on null
in APPPATH\Views\agriculteur\index.php on line 18.
 1 SYSTEMPATH\View\View.php(213): include()
 2 SYSTEMPATH\View\View.php(216): CodeIgniter\View\View->CodeIgniter\View\{closure}()
 3 SYSTEMPATH\Common.php(1135): CodeIgniter\View\View->render('agriculteur/index.php', [], true)
 4 APPPATH\Controllers\AgriculteurController.php(13): view('agriculteur/index.php', [...])
 5 SYSTEMPATH\CodeIgniter.php(896): App\Controllers\AgriculteurController->index()
 6 SYSTEMPATH\CodeIgniter.php(466): CodeIgniter\CodeIgniter->runController(Object(App\Controllers\AgriculteurController))
 7 SYSTEMPATH\CodeIgniter.php(349): CodeIgniter\CodeIgniter->handleRequest(null, Object(Config\Cache), false)
 8 FCPATH\index.php(55): CodeIgniter\CodeIgniter->run()
CRITICAL - 2022-08-11 23:50:57 --> Call to a member function listErrors() on null
in APPPATH\Views\agriculteur\index.php on line 18.
 1 SYSTEMPATH\View\View.php(213): include()
 2 SYSTEMPATH\View\View.php(216): CodeIgniter\View\View->CodeIgniter\View\{closure}()
 3 SYSTEMPATH\Common.php(1135): CodeIgniter\View\View->render('agriculteur/index.php', [], true)
 4 APPPATH\Controllers\AgriculteurController.php(13): view('agriculteur/index.php', [...])
 5 SYSTEMPATH\CodeIgniter.php(896): App\Controllers\AgriculteurController->index()
 6 SYSTEMPATH\CodeIgniter.php(466): CodeIgniter\CodeIgniter->runController(Object(App\Controllers\AgriculteurController))
 7 SYSTEMPATH\CodeIgniter.php(349): CodeIgniter\CodeIgniter->handleRequest(null, Object(Config\Cache), false)
 8 FCPATH\index.php(55): CodeIgniter\CodeIgniter->run()
CRITICAL - 2022-08-11 23:51:00 --> Call to a member function listErrors() on null
in APPPATH\Views\agriculteur\index.php on line 18.
 1 SYSTEMPATH\View\View.php(213): include()
 2 SYSTEMPATH\View\View.php(216): CodeIgniter\View\View->CodeIgniter\View\{closure}()
 3 SYSTEMPATH\Common.php(1135): CodeIgniter\View\View->render('agriculteur/index.php', [], true)
 4 APPPATH\Controllers\AgriculteurController.php(13): view('agriculteur/index.php', [...])
 5 SYSTEMPATH\CodeIgniter.php(896): App\Controllers\AgriculteurController->index()
 6 SYSTEMPATH\CodeIgniter.php(466): CodeIgniter\CodeIgniter->runController(Object(App\Controllers\AgriculteurController))
 7 SYSTEMPATH\CodeIgniter.php(349): CodeIgniter\CodeIgniter->handleRequest(null, Object(Config\Cache), false)
 8 FCPATH\index.php(55): CodeIgniter\CodeIgniter->run()
CRITICAL - 2022-08-11 23:52:38 --> Call to a member function listErrors() on null
in APPPATH\Views\agriculteur\index.php on line 15.
 1 SYSTEMPATH\View\View.php(213): include()
 2 SYSTEMPATH\View\View.php(216): CodeIgniter\View\View->CodeIgniter\View\{closure}()
 3 SYSTEMPATH\Common.php(1135): CodeIgniter\View\View->render('agriculteur/index.php', [], true)
 4 APPPATH\Controllers\AgriculteurController.php(13): view('agriculteur/index.php', [...])
 5 SYSTEMPATH\CodeIgniter.php(896): App\Controllers\AgriculteurController->index()
 6 SYSTEMPATH\CodeIgniter.php(466): CodeIgniter\CodeIgniter->runController(Object(App\Controllers\AgriculteurController))
 7 SYSTEMPATH\CodeIgniter.php(349): CodeIgniter\CodeIgniter->handleRequest(null, Object(Config\Cache), false)
 8 FCPATH\index.php(55): CodeIgniter\CodeIgniter->run()
CRITICAL - 2022-08-11 23:58:16 --> Cannot call constructor
in APPPATH\Controllers\AgriculteurController.php on line 11.
 1 SYSTEMPATH\CodeIgniter.php(858): App\Controllers\AgriculteurController->__construct()
 2 SYSTEMPATH\CodeIgniter.php(457): CodeIgniter\CodeIgniter->createController()
 3 SYSTEMPATH\CodeIgniter.php(349): CodeIgniter\CodeIgniter->handleRequest(null, Object(Config\Cache), false)
 4 FCPATH\index.php(55): CodeIgniter\CodeIgniter->run()
